2024-12-24T16:42:56.099+05:30  INFO 50824 --- [trackingnumbergenerator] [main] c.v.t.TrackingnumbergeneratorApplication : Starting TrackingnumbergeneratorApplication using Java 17.0.5 with PID 50824 (C:\Users\Nag\Downloads\trackingnumbergenerator\trackingnumbergenerator\target\classes started by Nag in C:\Users\Nag\Downloads\trackingnumbergenerator\trackingnumbergenerator)
2024-12-24T16:42:56.102+05:30 DEBUG 50824 --- [trackingnumbergenerator] [main] c.v.t.TrackingnumbergeneratorApplication : Running with Spring Boot v3.4.1, Spring v6.2.1
2024-12-24T16:42:56.103+05:30  INFO 50824 --- [trackingnumbergenerator] [main] c.v.t.TrackingnumbergeneratorApplication : No active profile set, falling back to 1 default profile: "default"
2024-12-24T16:42:57.267+05:30  INFO 50824 --- [trackingnumbergenerator] [main] o.s.b.w.embedded.tomcat.TomcatWebServer  : Tomcat initialized with port 8081 (http)
2024-12-24T16:42:57.299+05:30  INFO 50824 --- [trackingnumbergenerator] [main] o.apache.catalina.core.StandardService   : Starting service [Tomcat]
2024-12-24T16:42:57.300+05:30  INFO 50824 --- [trackingnumbergenerator] [main] o.apache.catalina.core.StandardEngine    : Starting Servlet engine: [Apache Tomcat/10.1.34]
2024-12-24T16:42:57.358+05:30  INFO 50824 --- [trackingnumbergenerator] [main] o.a.c.c.C.[Tomcat].[localhost].[/]       : Initializing Spring embedded WebApplicationContext
2024-12-24T16:42:57.358+05:30  INFO 50824 --- [trackingnumbergenerator] [main] w.s.c.ServletWebServerApplicationContext : Root WebApplicationContext: initialization completed in 1178 ms
2024-12-24T16:42:57.866+05:30  INFO 50824 --- [trackingnumbergenerator] [main] o.s.b.w.embedded.tomcat.TomcatWebServer  : Tomcat started on port 8081 (http) with context path '/'
2024-12-24T16:42:57.879+05:30  INFO 50824 --- [trackingnumbergenerator] [main] c.v.t.TrackingnumbergeneratorApplication : Started TrackingnumbergeneratorApplication in 2.399 seconds (process running for 3.405)
2024-12-24T16:43:41.618+05:30  INFO 50824 --- [trackingnumbergenerator] [http-nio-8081-exec-2] o.a.c.c.C.[Tomcat].[localhost].[/]       : Initializing Spring DispatcherServlet 'dispatcherServlet'
2024-12-24T16:43:41.619+05:30  INFO 50824 --- [trackingnumbergenerator] [http-nio-8081-exec-2] o.s.web.servlet.DispatcherServlet        : Initializing Servlet 'dispatcherServlet'
2024-12-24T16:43:41.624+05:30  INFO 50824 --- [trackingnumbergenerator] [http-nio-8081-exec-2] o.s.web.servlet.DispatcherServlet        : Completed initialization in 2 ms
2024-12-24T16:43:41.735+05:30  INFO 50824 --- [trackingnumbergenerator] [http-nio-8081-exec-2] .v.t.c.TrackingNumberGeneratorController : Received request to generate tracking number
2024-12-24T16:43:41.736+05:30 DEBUG 50824 --- [trackingnumbergenerator] [http-nio-8081-exec-2] .v.t.c.TrackingNumberGeneratorController : Request details - Origin: MY, Destination: ID, Weight: 1.234, Created At: 2024-12-24T10:15:30 08:00, Customer ID: de619854-b59b-425e-9db4-943979e1bd49, Customer Name: RedBox Logistics, Customer Slug: redbox-logistics
2024-12-24T16:43:43.681+05:30  INFO 50824 --- [trackingnumbergenerator] [http-nio-8081-exec-3] .v.t.c.TrackingNumberGeneratorController : Received request to generate tracking number
2024-12-24T16:43:43.681+05:30 DEBUG 50824 --- [trackingnumbergenerator] [http-nio-8081-exec-3] .v.t.c.TrackingNumberGeneratorController : Request details - Origin: MY, Destination: ID, Weight: 1.234, Created At: 2024-12-24T10:15:30 08:00, Customer ID: de619854-b59b-425e-9db4-943979e1bd49, Customer Name: RedBox Logistics, Customer Slug: redbox-logistics
2024-12-24T16:43:45.090+05:30  INFO 50824 --- [trackingnumbergenerator] [http-nio-8081-exec-5] .v.t.c.TrackingNumberGeneratorController : Received request to generate tracking number
2024-12-24T16:43:45.091+05:30 DEBUG 50824 --- [trackingnumbergenerator] [http-nio-8081-exec-5] .v.t.c.TrackingNumberGeneratorController : Request details - Origin: MY, Destination: ID, Weight: 1.234, Created At: 2024-12-24T10:15:30 08:00, Customer ID: de619854-b59b-425e-9db4-943979e1bd49, Customer Name: RedBox Logistics, Customer Slug: redbox-logistics
2024-12-24T17:05:30.472+05:30  INFO 51608 --- [trackingnumbergenerator] [main] c.v.t.TrackingnumbergeneratorApplication : Starting TrackingnumbergeneratorApplication using Java 17.0.5 with PID 51608 (C:\Users\Nag\Downloads\trackingnumbergenerator\trackingnumbergenerator\target\classes started by Nag in C:\Users\Nag\Downloads\trackingnumbergenerator\trackingnumbergenerator)
2024-12-24T17:05:30.477+05:30 DEBUG 51608 --- [trackingnumbergenerator] [main] c.v.t.TrackingnumbergeneratorApplication : Running with Spring Boot v3.4.1, Spring v6.2.1
2024-12-24T17:05:30.479+05:30  INFO 51608 --- [trackingnumbergenerator] [main] c.v.t.TrackingnumbergeneratorApplication : No active profile set, falling back to 1 default profile: "default"
2024-12-24T17:05:31.641+05:30  INFO 51608 --- [trackingnumbergenerator] [main] o.s.b.w.embedded.tomcat.TomcatWebServer  : Tomcat initialized with port 8081 (http)
2024-12-24T17:05:31.691+05:30  INFO 51608 --- [trackingnumbergenerator] [main] o.apache.catalina.core.StandardService   : Starting service [Tomcat]
2024-12-24T17:05:31.692+05:30  INFO 51608 --- [trackingnumbergenerator] [main] o.apache.catalina.core.StandardEngine    : Starting Servlet engine: [Apache Tomcat/10.1.34]
2024-12-24T17:05:31.780+05:30  INFO 51608 --- [trackingnumbergenerator] [main] o.a.c.c.C.[Tomcat].[localhost].[/]       : Initializing Spring embedded WebApplicationContext
2024-12-24T17:05:31.780+05:30  INFO 51608 --- [trackingnumbergenerator] [main] w.s.c.ServletWebServerApplicationContext : Root WebApplicationContext: initialization completed in 1234 ms
2024-12-24T17:05:32.257+05:30  INFO 51608 --- [trackingnumbergenerator] [main] o.s.b.w.embedded.tomcat.TomcatWebServer  : Tomcat started on port 8081 (http) with context path '/'
2024-12-24T17:05:32.266+05:30  INFO 51608 --- [trackingnumbergenerator] [main] c.v.t.TrackingnumbergeneratorApplication : Started TrackingnumbergeneratorApplication in 2.419 seconds (process running for 3.477)
2024-12-24T17:05:45.240+05:30  INFO 51608 --- [trackingnumbergenerator] [http-nio-8081-exec-3] o.a.c.c.C.[Tomcat].[localhost].[/]       : Initializing Spring DispatcherServlet 'dispatcherServlet'
2024-12-24T17:05:45.240+05:30  INFO 51608 --- [trackingnumbergenerator] [http-nio-8081-exec-3] o.s.web.servlet.DispatcherServlet        : Initializing Servlet 'dispatcherServlet'
2024-12-24T17:05:45.241+05:30  INFO 51608 --- [trackingnumbergenerator] [http-nio-8081-exec-3] o.s.web.servlet.DispatcherServlet        : Completed initialization in 1 ms
2024-12-24T17:05:45.296+05:30  INFO 51608 --- [trackingnumbergenerator] [http-nio-8081-exec-3] .v.t.c.TrackingNumberGeneratorController : Received request to generate tracking number
2024-12-24T17:05:45.296+05:30 DEBUG 51608 --- [trackingnumbergenerator] [http-nio-8081-exec-3] .v.t.c.TrackingNumberGeneratorController : Request details - Origin: MY, Destination: ID, Weight: 1.234, Created At: 2024-12-24T10:15:30 08:00, Customer ID: de619854-b59b-425e-9db4-943979e1bd49, Customer Name: RedBox Logistics, Customer Slug: redbox-logistics
2024-12-24T17:05:45.299+05:30  INFO 51608 --- [trackingnumbergenerator] [http-nio-8081-exec-3] .v.t.c.TrackingNumberGeneratorController : Tracking number generated: MYID1.234DE61985
